aNekoSampleSkin/build/outputs/logs/manifest-merger-release-report.txt
-- Merging decision tree log ---
manifest
ADDED from src\main\AndroidManifest.xml:2:1-30:12
INJECTED from src\main\AndroidManifest.xml:2:1-30:12
INJECTED from src\main\AndroidManifest.xml:2:1-30:12
INJECTED from src\main\AndroidManifest.xml:2:1-30:12
INJECTED from src\main\AndroidManifest.xml:2:1-30:12
INJECTED from src\main\AndroidManifest.xml:2:1-30:12
INJECTED from src\main\AndroidManifest.xml:2:1-30:12
	package
		ADDED from src\main\AndroidManifest.xml:3:11-45
		INJECTED from src\main\AndroidManifest.xml
		INJECTED from src\main\AndroidManifest.xml
	android:versionName
		ADDED from src\main\AndroidManifest.xml:5:11-36
		INJECTED from src\main\AndroidManifest.xml
		INJECTED from src\main\AndroidManifest.xml
	xmlns:android
		ADDED from src\main\AndroidManifest.xml:2:11-69
	android:versionCode
		ADDED from src\main\AndroidManifest.xml:4:11-34
		INJECTED from src\main\AndroidManifest.xml
		INJECTED from src\main\AndroidManifest.xml
application
ADDED from src\main\AndroidManifest.xml:7:5-29:17
	android:label
		ADDED from src\main\AndroidManifest.xml:7:48-80
	android:icon
		ADDED from src\main\AndroidManifest.xml:7:18-47
activity#com.example.aneko.sample.SkinActivity
ADDED from src\main\AndroidManifest.xml:10:5-27:16
	android:label
		ADDED from src\main\AndroidManifest.xml:11:15-48
	android:theme
		ADDED from src\main\AndroidManifest.xml:12:15-61
	android:name
		ADDED from src\main\AndroidManifest.xml:10:15-43
intent-filter#action:name:android.intent.action.MAIN+category:name:android.intent.category.INFO
ADDED from src\main\AndroidManifest.xml:14:7-17:23
action#android.intent.action.MAIN
ADDED from src\main\AndroidManifest.xml:15:9-61
	android:name
		ADDED from src\main\AndroidManifest.xml:15:17-58
category#android.intent.category.INFO
ADDED from src\main\AndroidManifest.xml:16:9-65
	android:name
		ADDED from src\main\AndroidManifest.xml:16:19-62
intent-filter#action:name:org.tamanegi.aneko.action.GET_SKIN
ADDED from src\main\AndroidManifest.xml:20:7-22:23
action#org.tamanegi.aneko.action.GET_SKIN
ADDED from src\main\AndroidManifest.xml:21:9-69
	android:name
		ADDED from src\main\AndroidManifest.xml:21:17-66
meta-data#org.tamanegi.aneko.skin
ADDED from src\main\AndroidManifest.xml:25:7-26:49
	android:resource
		ADDED from src\main\AndroidManifest.xml:26:18-46
	android:name
		ADDED from src\main\AndroidManifest.xml:25:18-56
uses-sdk
INJECTED from src\main\AndroidManifest.xml reason: use-sdk injection requested
INJECTED from src\main\AndroidManifest.xml
INJECTED from src\main\AndroidManifest.xml
INJECTED from src\main\AndroidManifest.xml
INJECTED from src\main\AndroidManifest.xml
	android:targetSdkVersion
		INJECTED from src\main\AndroidManifest.xml
		ADDED from src\main\AndroidManifest.xml
		INJECTED from src\main\AndroidManifest.xml
	android:minSdkVersion
		INJECTED from src\main\AndroidManifest.xml
		ADDED from src\main\AndroidManifest.xml
		INJECTED from src\main\AndroidManifest.xml